#
# There is insufficient memory for the Java Runtime Environment to continue.
# Native memory allocation (mmap) failed to map 134217728 bytes for Failed to commit area from 0x0000000081400000 to 0x0000000089400000 of length 134217728.
# Possible reasons:
#   The system is out of physical RAM or swap space
#   The process is running with CompressedOops enabled, and the Java Heap may be blocking the growth of the native heap
# Possible solutions:
#   Reduce memory load on the system
#   Increase physical memory or swap space
#   Check if swap backing store is full
#   Decrease Java heap size (-Xmx/-Xms)
#   Decrease number of Java threads
#   Decrease Java thread stack sizes (-Xss)
#   Set larger code cache with -XX:ReservedCodeCacheSize=
# This output file may be truncated or incomplete.
#
#  Out of Memory Error (t:/workspace/hotspot/src/os/windows/vm/os_windows.cpp:3357), pid=41296, tid=34420
#
# JRE version:  (9.0+11) (build )
# Java VM: Java HotSpot(TM) 64-Bit Server VM (9.0.4+11, mixed mode, tiered, compressed oops, g1 gc, windows-amd64)
# No core dump will be written. Minidumps are not enabled by default on client versions of Windows
#

---------------  S U M M A R Y ------------

Command Line: -Dfile.encoding=MS949 com.ssafy.algo.sol_7793_오나의여신님

Host: Intel(R) Core(TM) i3-6100U CPU @ 2.30GHz, 4 cores, 7G,  Windows 10 , 64 bit Build 17134 (10.0.17134.753)
Time: Wed Mar 11 17:46:53 2020 ´eCN¹I±¹ C￥AØ½A elapsed time: 0 seconds (0d 0h 0m 0s)

---------------  T H R E A D  ---------------

Current thread (0x0000025b2e664000):  JavaThread "Unknown thread" [_thread_in_vm, id=34420, stack(0x000000d899400000,0x000000d899500000)]

Stack: [0x000000d899400000,0x000000d899500000]
Native frames: (J=compiled Java code, j=interpreted, Vv=VM code, C=native code)
V  [jvm.dll+0x587068]
V  [jvm.dll+0x69c25e]
V  [jvm.dll+0x69d17a]
V  [jvm.dll+0x69d7b3]
V  [jvm.dll+0x21d198]
V  [jvm.dll+0x584bb4]
V  [jvm.dll+0x57a095]
V  [jvm.dll+0x2cd67b]
V  [jvm.dll+0x2cd5e3]
V  [jvm.dll+0x2cd4b2]
V  [jvm.dll+0x2cf4b3]
V  [jvm.dll+0x3191e3]
V  [jvm.dll+0x3198f6]
V  [jvm.dll+0x3192e3]
V  [jvm.dll+0x2adeb8]
V  [jvm.dll+0x2af0e7]
V  [jvm.dll+0x67b34d]
V  [jvm.dll+0x67c70c]
V  [jvm.dll+0x3269c9]
V  [jvm.dll+0x66555e]
V  [jvm.dll+0x391811]
V  [jvm.dll+0x3937c1]
C  [javaw.exe+0x3501]
C  [javaw.exe+0xe25f]
C  [javaw.exe+0xe406]
C  [KERNEL32.DLL+0x14034]
C  [ntdll.dll+0x73691]


---------------  P R O C E S S  ---------------

Java Threads: ( => current thread )

Other Threads:
  0x0000025b2e67a800 GCTaskThread "GC Thread#0" [stack: 0x000000d899500000,0x000000d899600000] [id=34260]
  0x0000025b2e67b800 GCTaskThread "GC Thread#1" [stack: 0x000000d899600000,0x000000d899700000] [id=592]
  0x0000025b2e67e000 GCTaskThread "GC Thread#2" [stack: 0x000000d899700000,0x000000d899800000] [id=20432]
  0x0000025b2e67e800 GCTaskThread "GC Thread#3" [stack: 0x000000d899800000,0x000000d899900000] [id=39792]
  0x0000025b2e6f0800 ConcurrentGCThread "G1 Main Marker" [stack: 0x000000d899e00000,0x000000d899f00000] [id=42064]
  0x0000025b2e6f5800 ConcurrentGCThread "G1 Marker#0" [stack: 0x000000d899f00000,0x000000d89a000000] [id=43420]
  0x0000025b2e688000 ConcurrentGCThread "G1 Refine#0" [stack: 0x000000d899c00000,0x000000d899d00000] [id=15368]
  0x0000025b2e686800 ConcurrentGCThread "G1 Refine#1" [stack: 0x000000d899b00000,0x000000d899c00000] [id=42260]
  0x0000025b2e684800 ConcurrentGCThread "G1 Refine#2" [stack: 0x000000d899a00000,0x000000d899b00000] [id=42148]
  0x0000025b2e681000 ConcurrentGCThread "G1 Refine#3" [stack: 0x000000d899900000,0x000000d899a00000] [id=42004]
  0x0000025b2e68a000 ConcurrentGCThread "G1 Young RemSet Sampling" [stack: 0x000000d899d00000,0x000000d899e00000] [id=42220]

=>0x0000025b2e664000 (exited) JavaThread "Unknown thread" [_thread_in_vm, id=34420, stack(0x000000d899400000,0x000000d899500000)]

Threads with active compile tasks:

VM state:not at safepoint (not fully initialized)

VM Mutex/Monitor currently owned by a thread:  ([mutex/lock_event])
[0x0000025b2e661590] Heap_lock - owner thread: 0x0000025b2e664000

Heap address: 0x0000000081400000, size: 2028 MB, Compressed Oops mode: Non-zero based: 0x0000000081400000
Narrow klass base: 0x0000000000000000, Narrow klass shift: 0

GC Heap History (0 events):
No events

Deoptimization events (0 events):
No events

Classes redefined (0 events):
No events

Internal exceptions (0 events):
No events

Events (0 events):
No events


Dynamic libraries:
0x00007ff7f6260000 - 0x00007ff7f629e000 	C:\Program Files\Java\jdk-9.0.4\bin\javaw.exe
0x00007ff942720000 - 0x00007ff942901000 	C:\WINDOWS\SYSTEM32\ntdll.dll
0x00007ff9406e0000 - 0x00007ff940791000 	C:\WINDOWS\System32\KERNEL32.DLL
0x00007ff93eb70000 - 0x00007ff93ede3000 	C:\WINDOWS\System32\KERNELBASE.dll
0x00007ff9404f0000 - 0x00007ff940591000 	C:\WINDOWS\System32\ADVAPI32.dll
0x00007ff940890000 - 0x00007ff94092e000 	C:\WINDOWS\System32\msvcrt.dll
0x00007ff940300000 - 0x00007ff94035b000 	C:\WINDOWS\System32\sechost.dll
0x00007ff940360000 - 0x00007ff940484000 	C:\WINDOWS\System32\RPCRT4.dll
0x00007ff941f40000 - 0x00007ff9420d0000 	C:\WINDOWS\System32\USER32.dll
0x00007ff93fb90000 - 0x00007ff93fbb0000 	C:\WINDOWS\System32\win32u.dll
0x00007ff940490000 - 0x00007ff9404b8000 	C:\WINDOWS\System32\GDI32.dll
0x00007ff93f040000 - 0x00007ff93f1d1000 	C:\WINDOWS\System32\gdi32full.dll
0x00007ff93edf0000 - 0x00007ff93ee8f000 	C:\WINDOWS\System32\msvcp_win.dll
0x00007ff93ef40000 - 0x00007ff93f038000 	C:\WINDOWS\System32\ucrtbase.dll
0x00007ff931310000 - 0x00007ff931579000 	C:\WINDOWS\WinSxS\amd64_microsoft.windows.common-controls_6595b64144ccf1df_6.0.17134.885_none_fb42a3473065565f\COMCTL32.dll
0x00007ff9423c0000 - 0x00007ff9426e2000 	C:\WINDOWS\System32\combase.dll
0x00007ff93eaf0000 - 0x00007ff93eb69000 	C:\WINDOWS\System32\bcryptPrimitives.dll
0x00007ff939bc0000 - 0x00007ff939bca000 	C:\WINDOWS\SYSTEM32\VERSION.dll
0x00007ff9407a0000 - 0x00007ff9407cd000 	C:\WINDOWS\System32\IMM32.DLL
0x00007ff90f820000 - 0x00007ff90f90f000 	C:\Program Files\Java\jdk-9.0.4\bin\msvcr120.dll
0x00007ff90f930000 - 0x00007ff90f9d6000 	C:\Program Files\Java\jdk-9.0.4\bin\msvcp120.dll
0x0000000065690000 - 0x00000000660b5000 	C:\Program Files\Java\jdk-9.0.4\bin\server\jvm.dll
0x00007ff9407d0000 - 0x00007ff9407d8000 	C:\WINDOWS\System32\PSAPI.DLL
0x00007ff93d6a0000 - 0x00007ff93d6a9000 	C:\WINDOWS\SYSTEM32\WSOCK32.dll
0x00007ff940670000 - 0x00007ff9406dc000 	C:\WINDOWS\System32\WS2_32.dll
0x00007ff933450000 - 0x00007ff933473000 	C:\WINDOWS\SYSTEM32\WINMM.dll
0x00007ff933420000 - 0x00007ff93344a000 	C:\WINDOWS\SYSTEM32\WINMMBASE.dll
0x00007ff93f8f0000 - 0x00007ff93f939000 	C:\WINDOWS\System32\cfgmgr32.dll
0x00007ff939e30000 - 0x00007ff939e3f000 	C:\Program Files\Java\jdk-9.0.4\bin\verify.dll
0x00007ff939d10000 - 0x00007ff939d37000 	C:\Program Files\Java\jdk-9.0.4\bin\java.dll
0x00007ff939e10000 - 0x00007ff939e26000 	C:\Program Files\Java\jdk-9.0.4\bin\zip.dll
0x00007ff939d00000 - 0x00007ff939d0a000 	C:\Program Files\Java\jdk-9.0.4\bin\jimage.dll
0x00007ff93d460000 - 0x00007ff93d629000 	C:\WINDOWS\SYSTEM32\dbghelp.dll

VM Arguments:
jvm_args: -Dfile.encoding=MS949 
java_command: com.ssafy.algo.sol_7793_오나의여신님
java_class_path (initial): C:\SSAFY\DFS와BFS\bin
Launcher Type: SUN_STANDARD

Logging:
Log output configuration:
#0: stdout all=warning uptime,level,tags
#1: stderr all=off uptime,level,tags

Environment Variables:
JAVA_HOME=C:\Program Files\Java\jdk-9.0.4
PATH=C:/Program Files/Java/jdk-9.0.4/bin/server;C:/Program Files/Java/jdk-9.0.4/bin;C:\ProgramData\Microsoft\Windows\Start Menu\Programs\Node.js;D:\;C:\Program Files\Java\jdk-9.0.4\bin;C:\Users\이동현\AppData\Local\Microsoft\WindowsApps;C:\Program Files\Java\jdk-9.0.4\bin;C:\Users\이동현\AppData\Local\Programs\Microsoft VS Code\bin;C:\Users\이동현\AppData\Roaming\npm;C:\Users\이동현\AppData\Local\atom\bin;C:\ProgramData\Microsoft\Windows\Start Menu\Programs\Node.js;C:\Users\이동현\hackathon\backend;;C:\eclipse-jee-oxygen-3a-win32-x86_64\eclipse;
USERNAME=이동현
OS=Windows_NT
PROCESSOR_IDENTIFIER=Intel64 Family 6 Model 78 Stepping 3, GenuineIntel



---------------  S Y S T E M  ---------------

OS: Windows 10 , 64 bit Build 17134 (10.0.17134.753)

CPU:total 4 (initial active 4) (2 cores per cpu, 2 threads per core) family 6 model 78 stepping 3, cmov, cx8, fxsr, mmx, sse, sse2, sse3, ssse3, sse4.1, sse4.2, popcnt, avx, avx2, aes, clmul, erms, rtm, 3dnowpref, lzcnt, ht, tsc, tscinvbit, bmi1, bmi2, adx, fma

Memory: 4k page, physical 8304656k(1976172k free), swap 10934312k(114516k free)

vm_info: Java HotSpot(TM) 64-Bit Server VM (9.0.4+11) for windows-amd64 JRE (9.0.4+11), built on Dec 20 2017 02:18:54 by "mach5one" with MS VC++ 12.0 (VS2013)

END.
